<?xml version="1.0" encoding="UTF-8"?>
<!-- Generated by org.testng.reporters.JUnitReportReporter -->
<testsuite skipped="0" hostname="PUNITP109424L" name="myfirstproject.clearTextBox" tests="1" failures="0" timestamp="24 Mar 2019 12:10:53 GMT" time="55.980" errors="0">
  <testcase name="clearTextBox" time="55.980" classname="myfirstproject.clearTextBox"/>
</testsuite> <!-- myfirstproject.clearTextBox -->
