<?xml version="1.0" encoding="UTF-8"?>
<!-- Generated by org.testng.reporters.JUnitReportReporter -->
<testsuite skipped="0" hostname="PUNITP109424L" name="myfirstproject.clearTextBox" tests="1" failures="0" timestamp="31 Mar 2019 17:03:44 GMT" time="15.285" errors="0">
  <testcase name="clearTextBox" time="15.285" classname="myfirstproject.clearTextBox"/>
</testsuite> <!-- myfirstproject.clearTextBox -->
